mode: set
github.com/vaishakdinesh/tiny-url-svc/main.go:5.13,7.2 1 0
github.com/vaishakdinesh/tiny-url-svc/cmd/start.go:30.12,33.16 3 0
github.com/vaishakdinesh/tiny-url-svc/cmd/start.go:33.16,35.3 1 0
github.com/vaishakdinesh/tiny-url-svc/cmd/start.go:37.2,38.16 2 0
github.com/vaishakdinesh/tiny-url-svc/cmd/start.go:38.16,40.3 1 0
github.com/vaishakdinesh/tiny-url-svc/cmd/start.go:41.2,42.15 2 0
github.com/vaishakdinesh/tiny-url-svc/cmd/start.go:42.15,43.49 1 0
github.com/vaishakdinesh/tiny-url-svc/cmd/start.go:43.49,45.4 1 0
github.com/vaishakdinesh/tiny-url-svc/cmd/start.go:48.2,53.15 2 0
github.com/vaishakdinesh/tiny-url-svc/cmd/start.go:53.15,54.44 1 0
github.com/vaishakdinesh/tiny-url-svc/cmd/start.go:54.44,56.4 1 0
github.com/vaishakdinesh/tiny-url-svc/cmd/start.go:59.2,60.16 2 0
github.com/vaishakdinesh/tiny-url-svc/cmd/start.go:60.16,62.3 1 0
github.com/vaishakdinesh/tiny-url-svc/cmd/start.go:64.2,65.16 2 0
github.com/vaishakdinesh/tiny-url-svc/cmd/start.go:65.16,67.3 1 0
github.com/vaishakdinesh/tiny-url-svc/cmd/start.go:68.2,68.25 1 0
github.com/vaishakdinesh/tiny-url-svc/cmd/start.go:68.25,70.3 1 0
github.com/vaishakdinesh/tiny-url-svc/cmd/start.go:72.2,77.11 6 0
github.com/vaishakdinesh/tiny-url-svc/cmd/start.go:80.41,85.47 3 0
github.com/vaishakdinesh/tiny-url-svc/cmd/start.go:85.47,87.3 1 0
github.com/vaishakdinesh/tiny-url-svc/cmd/start.go:88.2,88.15 1 0
github.com/vaishakdinesh/tiny-url-svc/cmd/start.go:91.96,94.46 3 0
github.com/vaishakdinesh/tiny-url-svc/cmd/start.go:94.46,96.3 1 0
github.com/vaishakdinesh/tiny-url-svc/cmd/start.go:97.2,98.16 2 0
github.com/vaishakdinesh/tiny-url-svc/cmd/start.go:98.16,100.3 1 0
github.com/vaishakdinesh/tiny-url-svc/cmd/start.go:101.2,101.43 1 0
github.com/vaishakdinesh/tiny-url-svc/cmd/start.go:104.84,106.2 1 0
github.com/vaishakdinesh/tiny-url-svc/pkg/cache/cache.go:19.58,21.2 1 0
github.com/vaishakdinesh/tiny-url-svc/pkg/cache/cache.go:24.78,27.2 2 0
github.com/vaishakdinesh/tiny-url-svc/pkg/cache/cache.go:30.70,33.2 2 0
github.com/vaishakdinesh/tiny-url-svc/pkg/cache/cache.go:36.88,38.25 2 0
github.com/vaishakdinesh/tiny-url-svc/pkg/cache/cache.go:38.25,40.3 1 0
github.com/vaishakdinesh/tiny-url-svc/pkg/cache/cache.go:41.2,41.26 1 0
github.com/vaishakdinesh/tiny-url-svc/pkg/db/db.go:13.71,15.2 1 0
github.com/vaishakdinesh/tiny-url-svc/pkg/db/url_repo.go:22.48,24.2 1 0
github.com/vaishakdinesh/tiny-url-svc/pkg/db/url_repo.go:27.61,29.30 2 0
github.com/vaishakdinesh/tiny-url-svc/pkg/db/url_repo.go:30.25,32.17 2 0
github.com/vaishakdinesh/tiny-url-svc/pkg/db/url_repo.go:32.17,34.4 1 0
github.com/vaishakdinesh/tiny-url-svc/pkg/db/url_repo.go:35.3,35.21 1 0
github.com/vaishakdinesh/tiny-url-svc/pkg/db/url_repo.go:35.21,43.4 4 0
github.com/vaishakdinesh/tiny-url-svc/pkg/db/url_repo.go:44.10,46.13 2 0
github.com/vaishakdinesh/tiny-url-svc/pkg/db/url_repo.go:48.2,48.12 1 0
github.com/vaishakdinesh/tiny-url-svc/pkg/db/url_repo.go:52.91,57.16 5 0
github.com/vaishakdinesh/tiny-url-svc/pkg/db/url_repo.go:57.16,58.43 1 0
github.com/vaishakdinesh/tiny-url-svc/pkg/db/url_repo.go:58.43,60.4 1 0
github.com/vaishakdinesh/tiny-url-svc/pkg/db/url_repo.go:61.3,61.34 1 0
github.com/vaishakdinesh/tiny-url-svc/pkg/db/url_repo.go:63.2,63.21 1 0
github.com/vaishakdinesh/tiny-url-svc/pkg/db/url_repo.go:67.65,71.16 4 0
github.com/vaishakdinesh/tiny-url-svc/pkg/db/url_repo.go:71.16,73.3 1 0
github.com/vaishakdinesh/tiny-url-svc/pkg/db/url_repo.go:74.2,74.31 1 0
github.com/vaishakdinesh/tiny-url-svc/pkg/db/url_repo.go:74.31,76.3 1 0
github.com/vaishakdinesh/tiny-url-svc/pkg/db/url_repo.go:77.2,77.12 1 0
github.com/vaishakdinesh/tiny-url-svc/pkg/db/url_repo.go:81.47,83.2 1 0
github.com/vaishakdinesh/tiny-url-svc/types/server.go:56.36,58.2 1 0
github.com/vaishakdinesh/tiny-url-svc/types/server.go:61.57,62.16 1 0
github.com/vaishakdinesh/tiny-url-svc/types/server.go:62.16,64.3 1 0
github.com/vaishakdinesh/tiny-url-svc/types/server.go:65.2,66.16 2 0
github.com/vaishakdinesh/tiny-url-svc/types/server.go:66.16,68.3 1 0
github.com/vaishakdinesh/tiny-url-svc/types/server.go:69.2,71.8 1 0
github.com/vaishakdinesh/tiny-url-svc/types/server.go:75.67,77.16 2 0
github.com/vaishakdinesh/tiny-url-svc/types/server.go:77.16,79.3 1 0
github.com/vaishakdinesh/tiny-url-svc/types/server.go:80.2,88.63 4 0
github.com/vaishakdinesh/tiny-url-svc/types/server.go:92.64,93.54 1 0
github.com/vaishakdinesh/tiny-url-svc/types/server.go:93.54,94.37 1 0
github.com/vaishakdinesh/tiny-url-svc/types/server.go:94.37,96.18 2 0
github.com/vaishakdinesh/tiny-url-svc/types/server.go:96.18,101.5 1 0
github.com/vaishakdinesh/tiny-url-svc/types/server.go:102.4,103.18 2 0
github.com/vaishakdinesh/tiny-url-svc/types/server.go:103.18,104.41 1 0
github.com/vaishakdinesh/tiny-url-svc/types/server.go:104.41,109.6 1 0
github.com/vaishakdinesh/tiny-url-svc/types/server.go:111.4,111.14 1 0
github.com/vaishakdinesh/tiny-url-svc/types/server.go:117.63,119.12 2 0
github.com/vaishakdinesh/tiny-url-svc/types/server.go:119.12,121.41 2 0
github.com/vaishakdinesh/tiny-url-svc/types/server.go:121.41,123.4 1 0
github.com/vaishakdinesh/tiny-url-svc/types/server.go:125.2,126.57 2 0
github.com/vaishakdinesh/tiny-url-svc/types/server.go:126.57,128.3 1 0
github.com/vaishakdinesh/tiny-url-svc/types/service.go:38.53,40.30 2 0
github.com/vaishakdinesh/tiny-url-svc/types/service.go:40.30,42.3 1 0
github.com/vaishakdinesh/tiny-url-svc/types/service.go:43.2,43.69 1 0
github.com/vaishakdinesh/tiny-url-svc/types/test.go:27.64,28.30 1 0
github.com/vaishakdinesh/tiny-url-svc/types/test.go:29.19,30.10 1 0
github.com/vaishakdinesh/tiny-url-svc/types/test.go:31.31,32.36 1 0
github.com/vaishakdinesh/tiny-url-svc/types/test.go:33.29,34.34 1 0
github.com/vaishakdinesh/tiny-url-svc/types/test.go:35.27,36.32 1 0
github.com/vaishakdinesh/tiny-url-svc/types/test.go:38.3,38.24 1 0
github.com/vaishakdinesh/tiny-url-svc/types/test.go:40.2,40.12 1 0
github.com/vaishakdinesh/tiny-url-svc/types/test.go:43.88,45.9 2 0
github.com/vaishakdinesh/tiny-url-svc/types/test.go:45.9,47.3 1 0
github.com/vaishakdinesh/tiny-url-svc/types/test.go:48.2,48.17 1 0
github.com/vaishakdinesh/tiny-url-svc/types/test.go:51.68,53.9 2 0
github.com/vaishakdinesh/tiny-url-svc/types/test.go:53.9,55.3 1 0
github.com/vaishakdinesh/tiny-url-svc/types/test.go:56.2,57.12 2 0
github.com/vaishakdinesh/tiny-url-svc/types/test.go:60.74,61.25 1 0
github.com/vaishakdinesh/tiny-url-svc/types/test.go:62.14,63.19 1 0
github.com/vaishakdinesh/tiny-url-svc/types/test.go:65.2,65.12 1 0
github.com/vaishakdinesh/tiny-url-svc/types/test.go:68.66,69.13 1 0
github.com/vaishakdinesh/tiny-url-svc/types/test.go:70.22,71.35 1 0
github.com/vaishakdinesh/tiny-url-svc/types/test.go:72.20,73.35 1 0
github.com/vaishakdinesh/tiny-url-svc/types/test.go:74.13,75.31 1 0
github.com/vaishakdinesh/tiny-url-svc/types/test.go:76.10,78.10 2 0
github.com/vaishakdinesh/tiny-url-svc/types/test.go:78.10,80.4 1 0
github.com/vaishakdinesh/tiny-url-svc/types/test.go:81.3,82.13 2 0
github.com/vaishakdinesh/tiny-url-svc/types/test.go:86.84,87.13 1 0
github.com/vaishakdinesh/tiny-url-svc/types/test.go:88.20,89.39 1 0
github.com/vaishakdinesh/tiny-url-svc/types/test.go:90.13,91.35 1 0
github.com/vaishakdinesh/tiny-url-svc/types/test.go:92.10,94.10 2 0
github.com/vaishakdinesh/tiny-url-svc/types/test.go:94.10,96.4 1 0
github.com/vaishakdinesh/tiny-url-svc/types/test.go:97.3,97.18 1 0
github.com/vaishakdinesh/tiny-url-svc/types/test.go:101.37,102.11 1 0
github.com/vaishakdinesh/tiny-url-svc/types/test.go:103.17,104.44 1 0
github.com/vaishakdinesh/tiny-url-svc/types/test.go:105.15,106.41 1 0
github.com/vaishakdinesh/tiny-url-svc/types/test.go:107.22,108.39 1 0
github.com/vaishakdinesh/tiny-url-svc/types/test.go:109.20,110.43 1 0
github.com/vaishakdinesh/tiny-url-svc/types/test.go:111.10,112.44 1 0
github.com/vaishakdinesh/tiny-url-svc/types/api/rest/v0/server.gen.go:33.70,39.2 3 0
github.com/vaishakdinesh/tiny-url-svc/types/api/rest/v0/server.gen.go:42.68,48.16 4 0
github.com/vaishakdinesh/tiny-url-svc/types/api/rest/v0/server.gen.go:48.16,50.3 1 0
github.com/vaishakdinesh/tiny-url-svc/types/api/rest/v0/server.gen.go:53.2,54.12 2 0
github.com/vaishakdinesh/tiny-url-svc/types/api/rest/v0/server.gen.go:58.65,64.16 4 0
github.com/vaishakdinesh/tiny-url-svc/types/api/rest/v0/server.gen.go:64.16,66.3 1 0
github.com/vaishakdinesh/tiny-url-svc/types/api/rest/v0/server.gen.go:69.2,70.12 2 0
github.com/vaishakdinesh/tiny-url-svc/types/api/rest/v0/server.gen.go:89.62,91.2 1 0
github.com/vaishakdinesh/tiny-url-svc/types/api/rest/v0/server.gen.go:95.89,105.2 4 0
github.com/vaishakdinesh/tiny-url-svc/types/api/rest/v0/spec.gen.go:38.35,40.16 2 0
github.com/vaishakdinesh/tiny-url-svc/types/api/rest/v0/spec.gen.go:40.16,42.3 1 0
github.com/vaishakdinesh/tiny-url-svc/types/api/rest/v0/spec.gen.go:43.2,44.16 2 0
github.com/vaishakdinesh/tiny-url-svc/types/api/rest/v0/spec.gen.go:44.16,46.3 1 0
github.com/vaishakdinesh/tiny-url-svc/types/api/rest/v0/spec.gen.go:47.2,49.16 3 0
github.com/vaishakdinesh/tiny-url-svc/types/api/rest/v0/spec.gen.go:49.16,51.3 1 0
github.com/vaishakdinesh/tiny-url-svc/types/api/rest/v0/spec.gen.go:53.2,53.25 1 0
github.com/vaishakdinesh/tiny-url-svc/types/api/rest/v0/spec.gen.go:59.48,61.32 2 0
github.com/vaishakdinesh/tiny-url-svc/types/api/rest/v0/spec.gen.go:61.32,63.3 1 0
github.com/vaishakdinesh/tiny-url-svc/types/api/rest/v0/spec.gen.go:67.73,69.25 2 0
github.com/vaishakdinesh/tiny-url-svc/types/api/rest/v0/spec.gen.go:69.25,71.3 1 0
github.com/vaishakdinesh/tiny-url-svc/types/api/rest/v0/spec.gen.go:73.2,73.12 1 0
github.com/vaishakdinesh/tiny-url-svc/types/api/rest/v0/spec.gen.go:81.52,86.87 4 0
github.com/vaishakdinesh/tiny-url-svc/types/api/rest/v0/spec.gen.go:86.87,90.10 4 0
github.com/vaishakdinesh/tiny-url-svc/types/api/rest/v0/spec.gen.go:90.10,93.4 2 0
github.com/vaishakdinesh/tiny-url-svc/types/api/rest/v0/spec.gen.go:94.3,94.19 1 0
github.com/vaishakdinesh/tiny-url-svc/types/api/rest/v0/spec.gen.go:96.2,98.16 3 0
github.com/vaishakdinesh/tiny-url-svc/types/api/rest/v0/spec.gen.go:98.16,100.3 1 0
github.com/vaishakdinesh/tiny-url-svc/types/api/rest/v0/spec.gen.go:101.2,102.16 2 0
github.com/vaishakdinesh/tiny-url-svc/types/api/rest/v0/spec.gen.go:102.16,104.3 1 0
github.com/vaishakdinesh/tiny-url-svc/types/api/rest/v0/spec.gen.go:105.2,105.8 1 0
github.com/vaishakdinesh/tiny-url-svc/pkg/apis/rest_v0/handler.go:24.80,26.16 2 1
github.com/vaishakdinesh/tiny-url-svc/pkg/apis/rest_v0/handler.go:26.16,29.3 2 0
github.com/vaishakdinesh/tiny-url-svc/pkg/apis/rest_v0/handler.go:30.2,31.16 2 1
github.com/vaishakdinesh/tiny-url-svc/pkg/apis/rest_v0/handler.go:31.16,34.3 2 0
github.com/vaishakdinesh/tiny-url-svc/pkg/apis/rest_v0/handler.go:35.2,39.8 1 1
github.com/vaishakdinesh/tiny-url-svc/pkg/apis/rest_v0/handler.go:42.45,46.2 3 0
github.com/vaishakdinesh/tiny-url-svc/pkg/apis/rest_v0/handler.go:50.55,52.16 2 1
github.com/vaishakdinesh/tiny-url-svc/pkg/apis/rest_v0/handler.go:52.16,57.3 1 1
github.com/vaishakdinesh/tiny-url-svc/pkg/apis/rest_v0/handler.go:59.2,60.16 2 1
github.com/vaishakdinesh/tiny-url-svc/pkg/apis/rest_v0/handler.go:60.16,65.3 1 0
github.com/vaishakdinesh/tiny-url-svc/pkg/apis/rest_v0/handler.go:66.2,67.34 2 1
github.com/vaishakdinesh/tiny-url-svc/pkg/apis/rest_v0/handler.go:67.34,69.3 1 1
github.com/vaishakdinesh/tiny-url-svc/pkg/apis/rest_v0/handler.go:70.2,70.47 1 1
github.com/vaishakdinesh/tiny-url-svc/pkg/apis/rest_v0/handler.go:75.65,77.16 2 1
github.com/vaishakdinesh/tiny-url-svc/pkg/apis/rest_v0/handler.go:77.16,82.3 1 1
github.com/vaishakdinesh/tiny-url-svc/pkg/apis/rest_v0/handler.go:83.2,84.12 2 1
github.com/vaishakdinesh/tiny-url-svc/pkg/apis/rest_v0/handler.go:89.68,91.16 2 1
github.com/vaishakdinesh/tiny-url-svc/pkg/apis/rest_v0/handler.go:91.16,92.10 1 1
github.com/vaishakdinesh/tiny-url-svc/pkg/apis/rest_v0/handler.go:93.47,94.46 1 0
github.com/vaishakdinesh/tiny-url-svc/pkg/apis/rest_v0/handler.go:95.50,99.6 1 1
github.com/vaishakdinesh/tiny-url-svc/pkg/apis/rest_v0/handler.go:100.11,104.6 1 0
github.com/vaishakdinesh/tiny-url-svc/pkg/apis/rest_v0/handler.go:107.2,107.44 1 1
github.com/vaishakdinesh/tiny-url-svc/pkg/apis/rest_v0/handler.go:110.70,113.16 3 1
github.com/vaishakdinesh/tiny-url-svc/pkg/apis/rest_v0/handler.go:113.16,115.3 1 0
github.com/vaishakdinesh/tiny-url-svc/pkg/apis/rest_v0/handler.go:116.2,116.25 1 1
github.com/vaishakdinesh/tiny-url-svc/pkg/apis/rest_v0/handler.go:116.25,118.3 1 1
github.com/vaishakdinesh/tiny-url-svc/pkg/apis/rest_v0/handler.go:119.2,120.16 2 1
github.com/vaishakdinesh/tiny-url-svc/pkg/apis/rest_v0/handler.go:120.16,122.3 1 0
github.com/vaishakdinesh/tiny-url-svc/pkg/apis/rest_v0/handler.go:123.2,123.63 1 1
github.com/vaishakdinesh/tiny-url-svc/pkg/apis/rest_v0/handler.go:123.63,125.3 1 1
github.com/vaishakdinesh/tiny-url-svc/pkg/apis/rest_v0/handler.go:126.2,126.23 1 1
github.com/vaishakdinesh/tiny-url-svc/pkg/apis/rest_v0/handler.go:129.34,131.2 1 1
github.com/vaishakdinesh/tiny-url-svc/types/server.go:56.36,58.2 1 0
github.com/vaishakdinesh/tiny-url-svc/types/server.go:61.57,62.16 1 1
github.com/vaishakdinesh/tiny-url-svc/types/server.go:62.16,64.3 1 0
github.com/vaishakdinesh/tiny-url-svc/types/server.go:65.2,66.16 2 1
github.com/vaishakdinesh/tiny-url-svc/types/server.go:66.16,68.3 1 0
github.com/vaishakdinesh/tiny-url-svc/types/server.go:69.2,71.8 1 1
github.com/vaishakdinesh/tiny-url-svc/types/server.go:75.67,77.16 2 0
github.com/vaishakdinesh/tiny-url-svc/types/server.go:77.16,79.3 1 0
github.com/vaishakdinesh/tiny-url-svc/types/server.go:80.2,88.63 4 0
github.com/vaishakdinesh/tiny-url-svc/types/server.go:92.64,93.54 1 0
github.com/vaishakdinesh/tiny-url-svc/types/server.go:93.54,94.37 1 0
github.com/vaishakdinesh/tiny-url-svc/types/server.go:94.37,96.18 2 0
github.com/vaishakdinesh/tiny-url-svc/types/server.go:96.18,101.5 1 0
github.com/vaishakdinesh/tiny-url-svc/types/server.go:102.4,103.18 2 0
github.com/vaishakdinesh/tiny-url-svc/types/server.go:103.18,104.41 1 0
github.com/vaishakdinesh/tiny-url-svc/types/server.go:104.41,109.6 1 0
github.com/vaishakdinesh/tiny-url-svc/types/server.go:111.4,111.14 1 0
github.com/vaishakdinesh/tiny-url-svc/types/server.go:117.63,119.12 2 0
github.com/vaishakdinesh/tiny-url-svc/types/server.go:119.12,121.41 2 0
github.com/vaishakdinesh/tiny-url-svc/types/server.go:121.41,123.4 1 0
github.com/vaishakdinesh/tiny-url-svc/types/server.go:125.2,126.57 2 0
github.com/vaishakdinesh/tiny-url-svc/types/server.go:126.57,128.3 1 0
github.com/vaishakdinesh/tiny-url-svc/types/service.go:38.53,40.30 2 1
github.com/vaishakdinesh/tiny-url-svc/types/service.go:40.30,42.3 1 0
github.com/vaishakdinesh/tiny-url-svc/types/service.go:43.2,43.69 1 1
github.com/vaishakdinesh/tiny-url-svc/types/test.go:27.64,28.30 1 1
github.com/vaishakdinesh/tiny-url-svc/types/test.go:29.19,30.10 1 1
github.com/vaishakdinesh/tiny-url-svc/types/test.go:31.31,32.36 1 0
github.com/vaishakdinesh/tiny-url-svc/types/test.go:33.29,34.34 1 0
github.com/vaishakdinesh/tiny-url-svc/types/test.go:35.27,36.32 1 0
github.com/vaishakdinesh/tiny-url-svc/types/test.go:38.3,38.24 1 1
github.com/vaishakdinesh/tiny-url-svc/types/test.go:40.2,40.12 1 1
github.com/vaishakdinesh/tiny-url-svc/types/test.go:43.88,45.9 2 1
github.com/vaishakdinesh/tiny-url-svc/types/test.go:45.9,47.3 1 1
github.com/vaishakdinesh/tiny-url-svc/types/test.go:48.2,48.17 1 1
github.com/vaishakdinesh/tiny-url-svc/types/test.go:51.68,53.9 2 1
github.com/vaishakdinesh/tiny-url-svc/types/test.go:53.9,55.3 1 1
github.com/vaishakdinesh/tiny-url-svc/types/test.go:56.2,57.12 2 1
github.com/vaishakdinesh/tiny-url-svc/types/test.go:60.74,61.25 1 1
github.com/vaishakdinesh/tiny-url-svc/types/test.go:62.14,63.19 1 0
github.com/vaishakdinesh/tiny-url-svc/types/test.go:65.2,65.12 1 1
github.com/vaishakdinesh/tiny-url-svc/types/test.go:68.66,69.13 1 1
github.com/vaishakdinesh/tiny-url-svc/types/test.go:70.22,71.35 1 0
github.com/vaishakdinesh/tiny-url-svc/types/test.go:72.20,73.35 1 0
github.com/vaishakdinesh/tiny-url-svc/types/test.go:74.13,75.31 1 0
github.com/vaishakdinesh/tiny-url-svc/types/test.go:76.10,78.10 2 1
github.com/vaishakdinesh/tiny-url-svc/types/test.go:78.10,80.4 1 1
github.com/vaishakdinesh/tiny-url-svc/types/test.go:81.3,82.13 2 0
github.com/vaishakdinesh/tiny-url-svc/types/test.go:86.84,87.13 1 1
github.com/vaishakdinesh/tiny-url-svc/types/test.go:88.20,89.39 1 0
github.com/vaishakdinesh/tiny-url-svc/types/test.go:90.13,91.35 1 0
github.com/vaishakdinesh/tiny-url-svc/types/test.go:92.10,94.10 2 1
github.com/vaishakdinesh/tiny-url-svc/types/test.go:94.10,96.4 1 1
github.com/vaishakdinesh/tiny-url-svc/types/test.go:97.3,97.18 1 0
github.com/vaishakdinesh/tiny-url-svc/types/test.go:101.37,102.11 1 0
github.com/vaishakdinesh/tiny-url-svc/types/test.go:103.17,104.44 1 0
github.com/vaishakdinesh/tiny-url-svc/types/test.go:105.15,106.41 1 0
github.com/vaishakdinesh/tiny-url-svc/types/test.go:107.22,108.39 1 0
github.com/vaishakdinesh/tiny-url-svc/types/test.go:109.20,110.43 1 0
github.com/vaishakdinesh/tiny-url-svc/types/test.go:111.10,112.44 1 0
github.com/vaishakdinesh/tiny-url-svc/types/api/rest/v0/server.gen.go:33.70,39.2 3 0
github.com/vaishakdinesh/tiny-url-svc/types/api/rest/v0/server.gen.go:42.68,48.16 4 0
github.com/vaishakdinesh/tiny-url-svc/types/api/rest/v0/server.gen.go:48.16,50.3 1 0
github.com/vaishakdinesh/tiny-url-svc/types/api/rest/v0/server.gen.go:53.2,54.12 2 0
github.com/vaishakdinesh/tiny-url-svc/types/api/rest/v0/server.gen.go:58.65,64.16 4 0
github.com/vaishakdinesh/tiny-url-svc/types/api/rest/v0/server.gen.go:64.16,66.3 1 0
github.com/vaishakdinesh/tiny-url-svc/types/api/rest/v0/server.gen.go:69.2,70.12 2 0
github.com/vaishakdinesh/tiny-url-svc/types/api/rest/v0/server.gen.go:89.62,91.2 1 0
github.com/vaishakdinesh/tiny-url-svc/types/api/rest/v0/server.gen.go:95.89,105.2 4 0
github.com/vaishakdinesh/tiny-url-svc/types/api/rest/v0/spec.gen.go:38.35,40.16 2 1
github.com/vaishakdinesh/tiny-url-svc/types/api/rest/v0/spec.gen.go:40.16,42.3 1 0
github.com/vaishakdinesh/tiny-url-svc/types/api/rest/v0/spec.gen.go:43.2,44.16 2 1
github.com/vaishakdinesh/tiny-url-svc/types/api/rest/v0/spec.gen.go:44.16,46.3 1 0
github.com/vaishakdinesh/tiny-url-svc/types/api/rest/v0/spec.gen.go:47.2,49.16 3 1
github.com/vaishakdinesh/tiny-url-svc/types/api/rest/v0/spec.gen.go:49.16,51.3 1 0
github.com/vaishakdinesh/tiny-url-svc/types/api/rest/v0/spec.gen.go:53.2,53.25 1 1
github.com/vaishakdinesh/tiny-url-svc/types/api/rest/v0/spec.gen.go:59.48,61.32 2 1
github.com/vaishakdinesh/tiny-url-svc/types/api/rest/v0/spec.gen.go:61.32,63.3 1 1
github.com/vaishakdinesh/tiny-url-svc/types/api/rest/v0/spec.gen.go:67.73,69.25 2 1
github.com/vaishakdinesh/tiny-url-svc/types/api/rest/v0/spec.gen.go:69.25,71.3 1 0
github.com/vaishakdinesh/tiny-url-svc/types/api/rest/v0/spec.gen.go:73.2,73.12 1 1
github.com/vaishakdinesh/tiny-url-svc/types/api/rest/v0/spec.gen.go:81.52,86.87 4 1
github.com/vaishakdinesh/tiny-url-svc/types/api/rest/v0/spec.gen.go:86.87,90.10 4 0
github.com/vaishakdinesh/tiny-url-svc/types/api/rest/v0/spec.gen.go:90.10,93.4 2 0
github.com/vaishakdinesh/tiny-url-svc/types/api/rest/v0/spec.gen.go:94.3,94.19 1 0
github.com/vaishakdinesh/tiny-url-svc/types/api/rest/v0/spec.gen.go:96.2,98.16 3 1
github.com/vaishakdinesh/tiny-url-svc/types/api/rest/v0/spec.gen.go:98.16,100.3 1 0
github.com/vaishakdinesh/tiny-url-svc/types/api/rest/v0/spec.gen.go:101.2,102.16 2 1
github.com/vaishakdinesh/tiny-url-svc/types/api/rest/v0/spec.gen.go:102.16,104.3 1 0
github.com/vaishakdinesh/tiny-url-svc/types/api/rest/v0/spec.gen.go:105.2,105.8 1 1
github.com/vaishakdinesh/tiny-url-svc/pkg/url/url.go:35.95,47.2 2 1
github.com/vaishakdinesh/tiny-url-svc/pkg/url/url.go:50.39,52.2 1 0
github.com/vaishakdinesh/tiny-url-svc/pkg/url/url.go:55.116,57.16 2 1
github.com/vaishakdinesh/tiny-url-svc/pkg/url/url.go:57.16,59.3 1 0
github.com/vaishakdinesh/tiny-url-svc/pkg/url/url.go:60.2,61.16 2 1
github.com/vaishakdinesh/tiny-url-svc/pkg/url/url.go:61.16,64.3 2 1
github.com/vaishakdinesh/tiny-url-svc/pkg/url/url.go:65.2,66.46 2 1
github.com/vaishakdinesh/tiny-url-svc/pkg/url/url.go:70.92,74.16 4 1
github.com/vaishakdinesh/tiny-url-svc/pkg/url/url.go:74.16,77.3 2 1
github.com/vaishakdinesh/tiny-url-svc/pkg/url/url.go:78.2,78.22 1 1
github.com/vaishakdinesh/tiny-url-svc/pkg/url/url.go:78.22,80.72 1 1
github.com/vaishakdinesh/tiny-url-svc/pkg/url/url.go:80.72,81.100 1 1
github.com/vaishakdinesh/tiny-url-svc/pkg/url/url.go:81.100,83.5 1 0
github.com/vaishakdinesh/tiny-url-svc/pkg/url/url.go:84.4,84.57 1 1
github.com/vaishakdinesh/tiny-url-svc/pkg/url/url.go:86.3,86.25 1 1
github.com/vaishakdinesh/tiny-url-svc/pkg/url/url.go:88.2,89.16 2 1
github.com/vaishakdinesh/tiny-url-svc/pkg/url/url.go:89.16,92.3 2 1
github.com/vaishakdinesh/tiny-url-svc/pkg/url/url.go:93.2,93.16 1 1
github.com/vaishakdinesh/tiny-url-svc/pkg/url/url.go:93.16,95.17 2 0
github.com/vaishakdinesh/tiny-url-svc/pkg/url/url.go:95.17,97.4 1 0
github.com/vaishakdinesh/tiny-url-svc/pkg/url/url.go:99.2,99.17 1 1
github.com/vaishakdinesh/tiny-url-svc/pkg/url/url.go:103.74,105.16 2 1
github.com/vaishakdinesh/tiny-url-svc/pkg/url/url.go:105.16,108.3 2 1
github.com/vaishakdinesh/tiny-url-svc/pkg/url/url.go:109.2,110.16 2 1
github.com/vaishakdinesh/tiny-url-svc/pkg/url/url.go:110.16,112.3 1 1
github.com/vaishakdinesh/tiny-url-svc/pkg/url/url.go:113.2,114.12 2 1
github.com/vaishakdinesh/tiny-url-svc/pkg/url/url.go:117.85,119.16 2 1
github.com/vaishakdinesh/tiny-url-svc/pkg/url/url.go:119.16,121.3 1 0
github.com/vaishakdinesh/tiny-url-svc/pkg/url/url.go:123.2,123.53 1 1
github.com/vaishakdinesh/tiny-url-svc/pkg/url/url.go:126.111,128.16 2 1
github.com/vaishakdinesh/tiny-url-svc/pkg/url/url.go:128.16,130.3 1 0
github.com/vaishakdinesh/tiny-url-svc/pkg/url/url.go:131.2,131.18 1 1
github.com/vaishakdinesh/tiny-url-svc/pkg/url/url.go:131.18,133.3 1 1
github.com/vaishakdinesh/tiny-url-svc/pkg/url/url.go:134.2,136.16 3 1
github.com/vaishakdinesh/tiny-url-svc/pkg/url/url.go:136.16,138.3 1 0
github.com/vaishakdinesh/tiny-url-svc/pkg/url/url.go:139.2,139.23 1 1
github.com/vaishakdinesh/tiny-url-svc/pkg/url/url.go:142.79,147.24 4 1
github.com/vaishakdinesh/tiny-url-svc/pkg/url/url.go:147.24,149.3 1 0
github.com/vaishakdinesh/tiny-url-svc/pkg/url/url.go:150.2,155.17 2 1
github.com/vaishakdinesh/tiny-url-svc/pkg/url/url.go:155.17,158.3 2 1
github.com/vaishakdinesh/tiny-url-svc/pkg/url/url.go:158.8,160.3 1 1
github.com/vaishakdinesh/tiny-url-svc/pkg/url/url.go:161.2,161.20 1 1
github.com/vaishakdinesh/tiny-url-svc/pkg/url/url.go:164.35,165.11 1 1
github.com/vaishakdinesh/tiny-url-svc/pkg/url/url.go:165.11,167.3 1 1
github.com/vaishakdinesh/tiny-url-svc/pkg/url/url.go:168.2,168.12 1 1
github.com/vaishakdinesh/tiny-url-svc/pkg/url/url.go:168.12,170.3 1 1
github.com/vaishakdinesh/tiny-url-svc/pkg/url/url.go:171.2,176.27 5 1
github.com/vaishakdinesh/tiny-url-svc/pkg/url/url.go:176.27,180.3 3 1
github.com/vaishakdinesh/tiny-url-svc/pkg/url/url.go:181.2,182.54 2 1
github.com/vaishakdinesh/tiny-url-svc/pkg/url/url.go:182.54,184.3 1 1
github.com/vaishakdinesh/tiny-url-svc/pkg/url/url.go:185.2,185.22 1 1
github.com/vaishakdinesh/tiny-url-svc/types/server.go:56.36,58.2 1 0
github.com/vaishakdinesh/tiny-url-svc/types/server.go:61.57,62.16 1 0
github.com/vaishakdinesh/tiny-url-svc/types/server.go:62.16,64.3 1 0
github.com/vaishakdinesh/tiny-url-svc/types/server.go:65.2,66.16 2 0
github.com/vaishakdinesh/tiny-url-svc/types/server.go:66.16,68.3 1 0
github.com/vaishakdinesh/tiny-url-svc/types/server.go:69.2,71.8 1 0
github.com/vaishakdinesh/tiny-url-svc/types/server.go:75.67,77.16 2 0
github.com/vaishakdinesh/tiny-url-svc/types/server.go:77.16,79.3 1 0
github.com/vaishakdinesh/tiny-url-svc/types/server.go:80.2,88.63 4 0
github.com/vaishakdinesh/tiny-url-svc/types/server.go:92.64,93.54 1 0
github.com/vaishakdinesh/tiny-url-svc/types/server.go:93.54,94.37 1 0
github.com/vaishakdinesh/tiny-url-svc/types/server.go:94.37,96.18 2 0
github.com/vaishakdinesh/tiny-url-svc/types/server.go:96.18,101.5 1 0
github.com/vaishakdinesh/tiny-url-svc/types/server.go:102.4,103.18 2 0
github.com/vaishakdinesh/tiny-url-svc/types/server.go:103.18,104.41 1 0
github.com/vaishakdinesh/tiny-url-svc/types/server.go:104.41,109.6 1 0
github.com/vaishakdinesh/tiny-url-svc/types/server.go:111.4,111.14 1 0
github.com/vaishakdinesh/tiny-url-svc/types/server.go:117.63,119.12 2 0
github.com/vaishakdinesh/tiny-url-svc/types/server.go:119.12,121.41 2 0
github.com/vaishakdinesh/tiny-url-svc/types/server.go:121.41,123.4 1 0
github.com/vaishakdinesh/tiny-url-svc/types/server.go:125.2,126.57 2 0
github.com/vaishakdinesh/tiny-url-svc/types/server.go:126.57,128.3 1 0
github.com/vaishakdinesh/tiny-url-svc/types/service.go:38.53,40.30 2 0
github.com/vaishakdinesh/tiny-url-svc/types/service.go:40.30,42.3 1 0
github.com/vaishakdinesh/tiny-url-svc/types/service.go:43.2,43.69 1 0
github.com/vaishakdinesh/tiny-url-svc/types/test.go:27.64,28.30 1 1
github.com/vaishakdinesh/tiny-url-svc/types/test.go:29.19,30.10 1 1
github.com/vaishakdinesh/tiny-url-svc/types/test.go:31.31,32.36 1 1
github.com/vaishakdinesh/tiny-url-svc/types/test.go:33.29,34.34 1 1
github.com/vaishakdinesh/tiny-url-svc/types/test.go:35.27,36.32 1 1
github.com/vaishakdinesh/tiny-url-svc/types/test.go:38.3,38.24 1 1
github.com/vaishakdinesh/tiny-url-svc/types/test.go:40.2,40.12 1 1
github.com/vaishakdinesh/tiny-url-svc/types/test.go:43.88,45.9 2 1
github.com/vaishakdinesh/tiny-url-svc/types/test.go:45.9,47.3 1 1
github.com/vaishakdinesh/tiny-url-svc/types/test.go:48.2,48.17 1 1
github.com/vaishakdinesh/tiny-url-svc/types/test.go:51.68,53.9 2 1
github.com/vaishakdinesh/tiny-url-svc/types/test.go:53.9,55.3 1 1
github.com/vaishakdinesh/tiny-url-svc/types/test.go:56.2,57.12 2 1
github.com/vaishakdinesh/tiny-url-svc/types/test.go:60.74,61.25 1 1
github.com/vaishakdinesh/tiny-url-svc/types/test.go:62.14,63.19 1 0
github.com/vaishakdinesh/tiny-url-svc/types/test.go:65.2,65.12 1 1
github.com/vaishakdinesh/tiny-url-svc/types/test.go:68.66,69.13 1 1
github.com/vaishakdinesh/tiny-url-svc/types/test.go:70.22,71.35 1 0
github.com/vaishakdinesh/tiny-url-svc/types/test.go:72.20,73.35 1 0
github.com/vaishakdinesh/tiny-url-svc/types/test.go:74.13,75.31 1 0
github.com/vaishakdinesh/tiny-url-svc/types/test.go:76.10,78.10 2 1
github.com/vaishakdinesh/tiny-url-svc/types/test.go:78.10,80.4 1 1
github.com/vaishakdinesh/tiny-url-svc/types/test.go:81.3,82.13 2 1
github.com/vaishakdinesh/tiny-url-svc/types/test.go:86.84,87.13 1 1
github.com/vaishakdinesh/tiny-url-svc/types/test.go:88.20,89.39 1 0
github.com/vaishakdinesh/tiny-url-svc/types/test.go:90.13,91.35 1 0
github.com/vaishakdinesh/tiny-url-svc/types/test.go:92.10,94.10 2 1
github.com/vaishakdinesh/tiny-url-svc/types/test.go:94.10,96.4 1 1
github.com/vaishakdinesh/tiny-url-svc/types/test.go:97.3,97.18 1 1
github.com/vaishakdinesh/tiny-url-svc/types/test.go:101.37,102.11 1 1
github.com/vaishakdinesh/tiny-url-svc/types/test.go:103.17,104.44 1 1
github.com/vaishakdinesh/tiny-url-svc/types/test.go:105.15,106.41 1 1
github.com/vaishakdinesh/tiny-url-svc/types/test.go:107.22,108.39 1 0
github.com/vaishakdinesh/tiny-url-svc/types/test.go:109.20,110.43 1 0
github.com/vaishakdinesh/tiny-url-svc/types/test.go:111.10,112.44 1 1
github.com/vaishakdinesh/tiny-url-svc/types/api/rest/v0/server.gen.go:33.70,39.2 3 0
github.com/vaishakdinesh/tiny-url-svc/types/api/rest/v0/server.gen.go:42.68,48.16 4 0
github.com/vaishakdinesh/tiny-url-svc/types/api/rest/v0/server.gen.go:48.16,50.3 1 0
github.com/vaishakdinesh/tiny-url-svc/types/api/rest/v0/server.gen.go:53.2,54.12 2 0
github.com/vaishakdinesh/tiny-url-svc/types/api/rest/v0/server.gen.go:58.65,64.16 4 0
github.com/vaishakdinesh/tiny-url-svc/types/api/rest/v0/server.gen.go:64.16,66.3 1 0
github.com/vaishakdinesh/tiny-url-svc/types/api/rest/v0/server.gen.go:69.2,70.12 2 0
github.com/vaishakdinesh/tiny-url-svc/types/api/rest/v0/server.gen.go:89.62,91.2 1 0
github.com/vaishakdinesh/tiny-url-svc/types/api/rest/v0/server.gen.go:95.89,105.2 4 0
github.com/vaishakdinesh/tiny-url-svc/types/api/rest/v0/spec.gen.go:38.35,40.16 2 1
github.com/vaishakdinesh/tiny-url-svc/types/api/rest/v0/spec.gen.go:40.16,42.3 1 0
github.com/vaishakdinesh/tiny-url-svc/types/api/rest/v0/spec.gen.go:43.2,44.16 2 1
github.com/vaishakdinesh/tiny-url-svc/types/api/rest/v0/spec.gen.go:44.16,46.3 1 0
github.com/vaishakdinesh/tiny-url-svc/types/api/rest/v0/spec.gen.go:47.2,49.16 3 1
github.com/vaishakdinesh/tiny-url-svc/types/api/rest/v0/spec.gen.go:49.16,51.3 1 0
github.com/vaishakdinesh/tiny-url-svc/types/api/rest/v0/spec.gen.go:53.2,53.25 1 1
github.com/vaishakdinesh/tiny-url-svc/types/api/rest/v0/spec.gen.go:59.48,61.32 2 1
github.com/vaishakdinesh/tiny-url-svc/types/api/rest/v0/spec.gen.go:61.32,63.3 1 0
github.com/vaishakdinesh/tiny-url-svc/types/api/rest/v0/spec.gen.go:67.73,69.25 2 0
github.com/vaishakdinesh/tiny-url-svc/types/api/rest/v0/spec.gen.go:69.25,71.3 1 0
github.com/vaishakdinesh/tiny-url-svc/types/api/rest/v0/spec.gen.go:73.2,73.12 1 0
github.com/vaishakdinesh/tiny-url-svc/types/api/rest/v0/spec.gen.go:81.52,86.87 4 0
github.com/vaishakdinesh/tiny-url-svc/types/api/rest/v0/spec.gen.go:86.87,90.10 4 0
github.com/vaishakdinesh/tiny-url-svc/types/api/rest/v0/spec.gen.go:90.10,93.4 2 0
github.com/vaishakdinesh/tiny-url-svc/types/api/rest/v0/spec.gen.go:94.3,94.19 1 0
github.com/vaishakdinesh/tiny-url-svc/types/api/rest/v0/spec.gen.go:96.2,98.16 3 0
github.com/vaishakdinesh/tiny-url-svc/types/api/rest/v0/spec.gen.go:98.16,100.3 1 0
github.com/vaishakdinesh/tiny-url-svc/types/api/rest/v0/spec.gen.go:101.2,102.16 2 0
github.com/vaishakdinesh/tiny-url-svc/types/api/rest/v0/spec.gen.go:102.16,104.3 1 0
github.com/vaishakdinesh/tiny-url-svc/types/api/rest/v0/spec.gen.go:105.2,105.8 1 0
