mode: set
github.com/vaishakdinesh/tiny-url-svc/main.go:5.13,7.2 1 0
github.com/vaishakdinesh/tiny-url-svc/cmd/start.go:30.12,33.16 3 0
github.com/vaishakdinesh/tiny-url-svc/cmd/start.go:33.16,35.3 1 0
github.com/vaishakdinesh/tiny-url-svc/cmd/start.go:37.2,38.16 2 0
github.com/vaishakdinesh/tiny-url-svc/cmd/start.go:38.16,40.3 1 0
github.com/vaishakdinesh/tiny-url-svc/cmd/start.go:41.2,42.15 2 0
github.com/vaishakdinesh/tiny-url-svc/cmd/start.go:42.15,43.49 1 0
github.com/vaishakdinesh/tiny-url-svc/cmd/start.go:43.49,45.4 1 0
github.com/vaishakdinesh/tiny-url-svc/cmd/start.go:48.2,53.15 2 0
github.com/vaishakdinesh/tiny-url-svc/cmd/start.go:53.15,54.44 1 0
github.com/vaishakdinesh/tiny-url-svc/cmd/start.go:54.44,56.4 1 0
github.com/vaishakdinesh/tiny-url-svc/cmd/start.go:59.2,60.16 2 0
github.com/vaishakdinesh/tiny-url-svc/cmd/start.go:60.16,62.3 1 0
github.com/vaishakdinesh/tiny-url-svc/cmd/start.go:64.2,65.16 2 0
github.com/vaishakdinesh/tiny-url-svc/cmd/start.go:65.16,67.3 1 0
github.com/vaishakdinesh/tiny-url-svc/cmd/start.go:68.2,68.25 1 0
github.com/vaishakdinesh/tiny-url-svc/cmd/start.go:68.25,70.3 1 0
github.com/vaishakdinesh/tiny-url-svc/cmd/start.go:72.2,77.11 6 0
github.com/vaishakdinesh/tiny-url-svc/cmd/start.go:80.41,85.47 3 0
github.com/vaishakdinesh/tiny-url-svc/cmd/start.go:85.47,87.3 1 0
github.com/vaishakdinesh/tiny-url-svc/cmd/start.go:88.2,88.15 1 0
github.com/vaishakdinesh/tiny-url-svc/cmd/start.go:91.96,94.46 3 0
github.com/vaishakdinesh/tiny-url-svc/cmd/start.go:94.46,96.3 1 0
github.com/vaishakdinesh/tiny-url-svc/cmd/start.go:97.2,98.16 2 0
github.com/vaishakdinesh/tiny-url-svc/cmd/start.go:98.16,100.3 1 0
github.com/vaishakdinesh/tiny-url-svc/cmd/start.go:101.2,101.43 1 0
github.com/vaishakdinesh/tiny-url-svc/cmd/start.go:104.84,106.2 1 0
github.com/vaishakdinesh/tiny-url-svc/pkg/cache/cache.go:18.58,20.2 1 0
github.com/vaishakdinesh/tiny-url-svc/pkg/cache/cache.go:22.78,25.2 2 0
github.com/vaishakdinesh/tiny-url-svc/pkg/cache/cache.go:27.70,30.2 2 0
github.com/vaishakdinesh/tiny-url-svc/pkg/cache/cache.go:32.88,34.25 2 0
github.com/vaishakdinesh/tiny-url-svc/pkg/cache/cache.go:34.25,36.3 1 0
github.com/vaishakdinesh/tiny-url-svc/pkg/cache/cache.go:37.2,37.26 1 0
github.com/vaishakdinesh/tiny-url-svc/pkg/db/db.go:13.71,15.2 1 0
github.com/vaishakdinesh/tiny-url-svc/pkg/db/url_repo.go:21.48,23.2 1 0
github.com/vaishakdinesh/tiny-url-svc/pkg/db/url_repo.go:25.61,27.30 2 0
github.com/vaishakdinesh/tiny-url-svc/pkg/db/url_repo.go:28.25,30.17 2 0
github.com/vaishakdinesh/tiny-url-svc/pkg/db/url_repo.go:30.17,32.4 1 0
github.com/vaishakdinesh/tiny-url-svc/pkg/db/url_repo.go:33.3,33.21 1 0
github.com/vaishakdinesh/tiny-url-svc/pkg/db/url_repo.go:33.21,41.4 4 0
github.com/vaishakdinesh/tiny-url-svc/pkg/db/url_repo.go:42.10,44.13 2 0
github.com/vaishakdinesh/tiny-url-svc/pkg/db/url_repo.go:46.2,46.12 1 0
github.com/vaishakdinesh/tiny-url-svc/pkg/db/url_repo.go:49.91,54.16 5 0
github.com/vaishakdinesh/tiny-url-svc/pkg/db/url_repo.go:54.16,55.43 1 0
github.com/vaishakdinesh/tiny-url-svc/pkg/db/url_repo.go:55.43,57.4 1 0
github.com/vaishakdinesh/tiny-url-svc/pkg/db/url_repo.go:58.3,58.34 1 0
github.com/vaishakdinesh/tiny-url-svc/pkg/db/url_repo.go:60.2,60.21 1 0
github.com/vaishakdinesh/tiny-url-svc/pkg/db/url_repo.go:63.65,67.16 4 0
github.com/vaishakdinesh/tiny-url-svc/pkg/db/url_repo.go:67.16,69.3 1 0
github.com/vaishakdinesh/tiny-url-svc/pkg/db/url_repo.go:70.2,70.31 1 0
github.com/vaishakdinesh/tiny-url-svc/pkg/db/url_repo.go:70.31,72.3 1 0
github.com/vaishakdinesh/tiny-url-svc/pkg/db/url_repo.go:73.2,73.12 1 0
github.com/vaishakdinesh/tiny-url-svc/pkg/db/url_repo.go:77.47,79.2 1 0
github.com/vaishakdinesh/tiny-url-svc/types/server.go:56.36,58.2 1 0
github.com/vaishakdinesh/tiny-url-svc/types/server.go:61.57,62.16 1 0
github.com/vaishakdinesh/tiny-url-svc/types/server.go:62.16,64.3 1 0
github.com/vaishakdinesh/tiny-url-svc/types/server.go:65.2,66.16 2 0
github.com/vaishakdinesh/tiny-url-svc/types/server.go:66.16,68.3 1 0
github.com/vaishakdinesh/tiny-url-svc/types/server.go:69.2,71.8 1 0
github.com/vaishakdinesh/tiny-url-svc/types/server.go:75.67,77.16 2 0
github.com/vaishakdinesh/tiny-url-svc/types/server.go:77.16,79.3 1 0
github.com/vaishakdinesh/tiny-url-svc/types/server.go:80.2,88.63 4 0
github.com/vaishakdinesh/tiny-url-svc/types/server.go:92.64,93.54 1 0
github.com/vaishakdinesh/tiny-url-svc/types/server.go:93.54,94.37 1 0
github.com/vaishakdinesh/tiny-url-svc/types/server.go:94.37,96.18 2 0
github.com/vaishakdinesh/tiny-url-svc/types/server.go:96.18,101.5 1 0
github.com/vaishakdinesh/tiny-url-svc/types/server.go:102.4,103.18 2 0
github.com/vaishakdinesh/tiny-url-svc/types/server.go:103.18,104.41 1 0
github.com/vaishakdinesh/tiny-url-svc/types/server.go:104.41,109.6 1 0
github.com/vaishakdinesh/tiny-url-svc/types/server.go:111.4,111.14 1 0
github.com/vaishakdinesh/tiny-url-svc/types/server.go:117.63,119.12 2 0
github.com/vaishakdinesh/tiny-url-svc/types/server.go:119.12,121.41 2 0
github.com/vaishakdinesh/tiny-url-svc/types/server.go:121.41,123.4 1 0
github.com/vaishakdinesh/tiny-url-svc/types/server.go:125.2,126.57 2 0
github.com/vaishakdinesh/tiny-url-svc/types/server.go:126.57,128.3 1 0
github.com/vaishakdinesh/tiny-url-svc/types/service.go:35.53,37.30 2 0
github.com/vaishakdinesh/tiny-url-svc/types/service.go:37.30,39.3 1 0
github.com/vaishakdinesh/tiny-url-svc/types/service.go:40.2,40.69 1 0
github.com/vaishakdinesh/tiny-url-svc/types/test.go:25.64,26.30 1 0
github.com/vaishakdinesh/tiny-url-svc/types/test.go:27.19,28.10 1 0
github.com/vaishakdinesh/tiny-url-svc/types/test.go:29.31,30.36 1 0
github.com/vaishakdinesh/tiny-url-svc/types/test.go:31.29,32.34 1 0
github.com/vaishakdinesh/tiny-url-svc/types/test.go:33.27,34.32 1 0
github.com/vaishakdinesh/tiny-url-svc/types/test.go:36.3,36.24 1 0
github.com/vaishakdinesh/tiny-url-svc/types/test.go:38.2,38.12 1 0
github.com/vaishakdinesh/tiny-url-svc/types/test.go:41.88,43.9 2 0
github.com/vaishakdinesh/tiny-url-svc/types/test.go:43.9,45.3 1 0
github.com/vaishakdinesh/tiny-url-svc/types/test.go:46.2,46.17 1 0
github.com/vaishakdinesh/tiny-url-svc/types/test.go:49.68,51.9 2 0
github.com/vaishakdinesh/tiny-url-svc/types/test.go:51.9,53.3 1 0
github.com/vaishakdinesh/tiny-url-svc/types/test.go:54.2,55.12 2 0
github.com/vaishakdinesh/tiny-url-svc/types/test.go:58.74,59.25 1 0
github.com/vaishakdinesh/tiny-url-svc/types/test.go:60.14,61.19 1 0
github.com/vaishakdinesh/tiny-url-svc/types/test.go:63.2,63.12 1 0
github.com/vaishakdinesh/tiny-url-svc/types/test.go:66.66,67.13 1 0
github.com/vaishakdinesh/tiny-url-svc/types/test.go:68.22,69.35 1 0
github.com/vaishakdinesh/tiny-url-svc/types/test.go:70.20,71.35 1 0
github.com/vaishakdinesh/tiny-url-svc/types/test.go:72.13,73.31 1 0
github.com/vaishakdinesh/tiny-url-svc/types/test.go:74.10,76.10 2 0
github.com/vaishakdinesh/tiny-url-svc/types/test.go:76.10,78.4 1 0
github.com/vaishakdinesh/tiny-url-svc/types/test.go:79.3,80.13 2 0
github.com/vaishakdinesh/tiny-url-svc/types/test.go:84.84,85.13 1 0
github.com/vaishakdinesh/tiny-url-svc/types/test.go:86.20,87.39 1 0
github.com/vaishakdinesh/tiny-url-svc/types/test.go:88.13,89.35 1 0
github.com/vaishakdinesh/tiny-url-svc/types/test.go:90.10,92.10 2 0
github.com/vaishakdinesh/tiny-url-svc/types/test.go:92.10,94.4 1 0
github.com/vaishakdinesh/tiny-url-svc/types/test.go:95.3,95.18 1 0
github.com/vaishakdinesh/tiny-url-svc/types/test.go:99.37,100.11 1 0
github.com/vaishakdinesh/tiny-url-svc/types/test.go:101.17,102.44 1 0
github.com/vaishakdinesh/tiny-url-svc/types/test.go:103.15,104.41 1 0
github.com/vaishakdinesh/tiny-url-svc/types/test.go:105.22,106.39 1 0
github.com/vaishakdinesh/tiny-url-svc/types/test.go:107.20,108.43 1 0
github.com/vaishakdinesh/tiny-url-svc/types/test.go:109.10,110.44 1 0
github.com/vaishakdinesh/tiny-url-svc/types/api/rest/v0/server.gen.go:33.70,39.2 3 0
github.com/vaishakdinesh/tiny-url-svc/types/api/rest/v0/server.gen.go:42.68,48.16 4 0
github.com/vaishakdinesh/tiny-url-svc/types/api/rest/v0/server.gen.go:48.16,50.3 1 0
github.com/vaishakdinesh/tiny-url-svc/types/api/rest/v0/server.gen.go:53.2,54.12 2 0
github.com/vaishakdinesh/tiny-url-svc/types/api/rest/v0/server.gen.go:58.65,64.16 4 0
github.com/vaishakdinesh/tiny-url-svc/types/api/rest/v0/server.gen.go:64.16,66.3 1 0
github.com/vaishakdinesh/tiny-url-svc/types/api/rest/v0/server.gen.go:69.2,70.12 2 0
github.com/vaishakdinesh/tiny-url-svc/types/api/rest/v0/server.gen.go:89.62,91.2 1 0
github.com/vaishakdinesh/tiny-url-svc/types/api/rest/v0/server.gen.go:95.89,105.2 4 0
github.com/vaishakdinesh/tiny-url-svc/types/api/rest/v0/spec.gen.go:38.35,40.16 2 0
github.com/vaishakdinesh/tiny-url-svc/types/api/rest/v0/spec.gen.go:40.16,42.3 1 0
github.com/vaishakdinesh/tiny-url-svc/types/api/rest/v0/spec.gen.go:43.2,44.16 2 0
github.com/vaishakdinesh/tiny-url-svc/types/api/rest/v0/spec.gen.go:44.16,46.3 1 0
github.com/vaishakdinesh/tiny-url-svc/types/api/rest/v0/spec.gen.go:47.2,49.16 3 0
github.com/vaishakdinesh/tiny-url-svc/types/api/rest/v0/spec.gen.go:49.16,51.3 1 0
github.com/vaishakdinesh/tiny-url-svc/types/api/rest/v0/spec.gen.go:53.2,53.25 1 0
github.com/vaishakdinesh/tiny-url-svc/types/api/rest/v0/spec.gen.go:59.48,61.32 2 0
github.com/vaishakdinesh/tiny-url-svc/types/api/rest/v0/spec.gen.go:61.32,63.3 1 0
github.com/vaishakdinesh/tiny-url-svc/types/api/rest/v0/spec.gen.go:67.73,69.25 2 0
github.com/vaishakdinesh/tiny-url-svc/types/api/rest/v0/spec.gen.go:69.25,71.3 1 0
github.com/vaishakdinesh/tiny-url-svc/types/api/rest/v0/spec.gen.go:73.2,73.12 1 0
github.com/vaishakdinesh/tiny-url-svc/types/api/rest/v0/spec.gen.go:81.52,86.87 4 0
github.com/vaishakdinesh/tiny-url-svc/types/api/rest/v0/spec.gen.go:86.87,90.10 4 0
github.com/vaishakdinesh/tiny-url-svc/types/api/rest/v0/spec.gen.go:90.10,93.4 2 0
github.com/vaishakdinesh/tiny-url-svc/types/api/rest/v0/spec.gen.go:94.3,94.19 1 0
github.com/vaishakdinesh/tiny-url-svc/types/api/rest/v0/spec.gen.go:96.2,98.16 3 0
github.com/vaishakdinesh/tiny-url-svc/types/api/rest/v0/spec.gen.go:98.16,100.3 1 0
github.com/vaishakdinesh/tiny-url-svc/types/api/rest/v0/spec.gen.go:101.2,102.16 2 0
github.com/vaishakdinesh/tiny-url-svc/types/api/rest/v0/spec.gen.go:102.16,104.3 1 0
github.com/vaishakdinesh/tiny-url-svc/types/api/rest/v0/spec.gen.go:105.2,105.8 1 0
github.com/vaishakdinesh/tiny-url-svc/pkg/apis/rest_v0/handler.go:22.80,24.16 2 1
github.com/vaishakdinesh/tiny-url-svc/pkg/apis/rest_v0/handler.go:24.16,27.3 2 0
github.com/vaishakdinesh/tiny-url-svc/pkg/apis/rest_v0/handler.go:28.2,29.16 2 1
github.com/vaishakdinesh/tiny-url-svc/pkg/apis/rest_v0/handler.go:29.16,32.3 2 0
github.com/vaishakdinesh/tiny-url-svc/pkg/apis/rest_v0/handler.go:33.2,37.8 1 1
github.com/vaishakdinesh/tiny-url-svc/pkg/apis/rest_v0/handler.go:40.45,44.2 3 0
github.com/vaishakdinesh/tiny-url-svc/pkg/apis/rest_v0/handler.go:46.55,48.16 2 1
github.com/vaishakdinesh/tiny-url-svc/pkg/apis/rest_v0/handler.go:48.16,53.3 1 1
github.com/vaishakdinesh/tiny-url-svc/pkg/apis/rest_v0/handler.go:55.2,56.16 2 1
github.com/vaishakdinesh/tiny-url-svc/pkg/apis/rest_v0/handler.go:56.16,61.3 1 0
github.com/vaishakdinesh/tiny-url-svc/pkg/apis/rest_v0/handler.go:62.2,63.34 2 1
github.com/vaishakdinesh/tiny-url-svc/pkg/apis/rest_v0/handler.go:63.34,65.3 1 1
github.com/vaishakdinesh/tiny-url-svc/pkg/apis/rest_v0/handler.go:66.2,66.47 1 1
github.com/vaishakdinesh/tiny-url-svc/pkg/apis/rest_v0/handler.go:69.65,71.16 2 1
github.com/vaishakdinesh/tiny-url-svc/pkg/apis/rest_v0/handler.go:71.16,76.3 1 1
github.com/vaishakdinesh/tiny-url-svc/pkg/apis/rest_v0/handler.go:77.2,78.12 2 1
github.com/vaishakdinesh/tiny-url-svc/pkg/apis/rest_v0/handler.go:81.68,83.16 2 1
github.com/vaishakdinesh/tiny-url-svc/pkg/apis/rest_v0/handler.go:83.16,84.10 1 1
github.com/vaishakdinesh/tiny-url-svc/pkg/apis/rest_v0/handler.go:85.47,86.46 1 0
github.com/vaishakdinesh/tiny-url-svc/pkg/apis/rest_v0/handler.go:87.50,91.6 1 1
github.com/vaishakdinesh/tiny-url-svc/pkg/apis/rest_v0/handler.go:92.11,96.6 1 0
github.com/vaishakdinesh/tiny-url-svc/pkg/apis/rest_v0/handler.go:99.2,99.44 1 1
github.com/vaishakdinesh/tiny-url-svc/pkg/apis/rest_v0/handler.go:102.70,105.16 3 1
github.com/vaishakdinesh/tiny-url-svc/pkg/apis/rest_v0/handler.go:105.16,107.3 1 0
github.com/vaishakdinesh/tiny-url-svc/pkg/apis/rest_v0/handler.go:108.2,108.25 1 1
github.com/vaishakdinesh/tiny-url-svc/pkg/apis/rest_v0/handler.go:108.25,110.3 1 1
github.com/vaishakdinesh/tiny-url-svc/pkg/apis/rest_v0/handler.go:111.2,112.16 2 1
github.com/vaishakdinesh/tiny-url-svc/pkg/apis/rest_v0/handler.go:112.16,114.3 1 0
github.com/vaishakdinesh/tiny-url-svc/pkg/apis/rest_v0/handler.go:115.2,115.63 1 1
github.com/vaishakdinesh/tiny-url-svc/pkg/apis/rest_v0/handler.go:115.63,117.3 1 1
github.com/vaishakdinesh/tiny-url-svc/pkg/apis/rest_v0/handler.go:118.2,118.23 1 1
github.com/vaishakdinesh/tiny-url-svc/pkg/apis/rest_v0/handler.go:121.34,123.2 1 1
github.com/vaishakdinesh/tiny-url-svc/types/server.go:56.36,58.2 1 0
github.com/vaishakdinesh/tiny-url-svc/types/server.go:61.57,62.16 1 1
github.com/vaishakdinesh/tiny-url-svc/types/server.go:62.16,64.3 1 0
github.com/vaishakdinesh/tiny-url-svc/types/server.go:65.2,66.16 2 1
github.com/vaishakdinesh/tiny-url-svc/types/server.go:66.16,68.3 1 0
github.com/vaishakdinesh/tiny-url-svc/types/server.go:69.2,71.8 1 1
github.com/vaishakdinesh/tiny-url-svc/types/server.go:75.67,77.16 2 0
github.com/vaishakdinesh/tiny-url-svc/types/server.go:77.16,79.3 1 0
github.com/vaishakdinesh/tiny-url-svc/types/server.go:80.2,88.63 4 0
github.com/vaishakdinesh/tiny-url-svc/types/server.go:92.64,93.54 1 0
github.com/vaishakdinesh/tiny-url-svc/types/server.go:93.54,94.37 1 0
github.com/vaishakdinesh/tiny-url-svc/types/server.go:94.37,96.18 2 0
github.com/vaishakdinesh/tiny-url-svc/types/server.go:96.18,101.5 1 0
github.com/vaishakdinesh/tiny-url-svc/types/server.go:102.4,103.18 2 0
github.com/vaishakdinesh/tiny-url-svc/types/server.go:103.18,104.41 1 0
github.com/vaishakdinesh/tiny-url-svc/types/server.go:104.41,109.6 1 0
github.com/vaishakdinesh/tiny-url-svc/types/server.go:111.4,111.14 1 0
github.com/vaishakdinesh/tiny-url-svc/types/server.go:117.63,119.12 2 0
github.com/vaishakdinesh/tiny-url-svc/types/server.go:119.12,121.41 2 0
github.com/vaishakdinesh/tiny-url-svc/types/server.go:121.41,123.4 1 0
github.com/vaishakdinesh/tiny-url-svc/types/server.go:125.2,126.57 2 0
github.com/vaishakdinesh/tiny-url-svc/types/server.go:126.57,128.3 1 0
github.com/vaishakdinesh/tiny-url-svc/types/service.go:35.53,37.30 2 1
github.com/vaishakdinesh/tiny-url-svc/types/service.go:37.30,39.3 1 0
github.com/vaishakdinesh/tiny-url-svc/types/service.go:40.2,40.69 1 1
github.com/vaishakdinesh/tiny-url-svc/types/test.go:25.64,26.30 1 1
github.com/vaishakdinesh/tiny-url-svc/types/test.go:27.19,28.10 1 1
github.com/vaishakdinesh/tiny-url-svc/types/test.go:29.31,30.36 1 0
github.com/vaishakdinesh/tiny-url-svc/types/test.go:31.29,32.34 1 0
github.com/vaishakdinesh/tiny-url-svc/types/test.go:33.27,34.32 1 0
github.com/vaishakdinesh/tiny-url-svc/types/test.go:36.3,36.24 1 1
github.com/vaishakdinesh/tiny-url-svc/types/test.go:38.2,38.12 1 1
github.com/vaishakdinesh/tiny-url-svc/types/test.go:41.88,43.9 2 1
github.com/vaishakdinesh/tiny-url-svc/types/test.go:43.9,45.3 1 1
github.com/vaishakdinesh/tiny-url-svc/types/test.go:46.2,46.17 1 1
github.com/vaishakdinesh/tiny-url-svc/types/test.go:49.68,51.9 2 1
github.com/vaishakdinesh/tiny-url-svc/types/test.go:51.9,53.3 1 1
github.com/vaishakdinesh/tiny-url-svc/types/test.go:54.2,55.12 2 1
github.com/vaishakdinesh/tiny-url-svc/types/test.go:58.74,59.25 1 1
github.com/vaishakdinesh/tiny-url-svc/types/test.go:60.14,61.19 1 0
github.com/vaishakdinesh/tiny-url-svc/types/test.go:63.2,63.12 1 1
github.com/vaishakdinesh/tiny-url-svc/types/test.go:66.66,67.13 1 1
github.com/vaishakdinesh/tiny-url-svc/types/test.go:68.22,69.35 1 0
github.com/vaishakdinesh/tiny-url-svc/types/test.go:70.20,71.35 1 0
github.com/vaishakdinesh/tiny-url-svc/types/test.go:72.13,73.31 1 0
github.com/vaishakdinesh/tiny-url-svc/types/test.go:74.10,76.10 2 1
github.com/vaishakdinesh/tiny-url-svc/types/test.go:76.10,78.4 1 1
github.com/vaishakdinesh/tiny-url-svc/types/test.go:79.3,80.13 2 0
github.com/vaishakdinesh/tiny-url-svc/types/test.go:84.84,85.13 1 1
github.com/vaishakdinesh/tiny-url-svc/types/test.go:86.20,87.39 1 0
github.com/vaishakdinesh/tiny-url-svc/types/test.go:88.13,89.35 1 0
github.com/vaishakdinesh/tiny-url-svc/types/test.go:90.10,92.10 2 1
github.com/vaishakdinesh/tiny-url-svc/types/test.go:92.10,94.4 1 1
github.com/vaishakdinesh/tiny-url-svc/types/test.go:95.3,95.18 1 0
github.com/vaishakdinesh/tiny-url-svc/types/test.go:99.37,100.11 1 0
github.com/vaishakdinesh/tiny-url-svc/types/test.go:101.17,102.44 1 0
github.com/vaishakdinesh/tiny-url-svc/types/test.go:103.15,104.41 1 0
github.com/vaishakdinesh/tiny-url-svc/types/test.go:105.22,106.39 1 0
github.com/vaishakdinesh/tiny-url-svc/types/test.go:107.20,108.43 1 0
github.com/vaishakdinesh/tiny-url-svc/types/test.go:109.10,110.44 1 0
github.com/vaishakdinesh/tiny-url-svc/types/api/rest/v0/server.gen.go:33.70,39.2 3 0
github.com/vaishakdinesh/tiny-url-svc/types/api/rest/v0/server.gen.go:42.68,48.16 4 0
github.com/vaishakdinesh/tiny-url-svc/types/api/rest/v0/server.gen.go:48.16,50.3 1 0
github.com/vaishakdinesh/tiny-url-svc/types/api/rest/v0/server.gen.go:53.2,54.12 2 0
github.com/vaishakdinesh/tiny-url-svc/types/api/rest/v0/server.gen.go:58.65,64.16 4 0
github.com/vaishakdinesh/tiny-url-svc/types/api/rest/v0/server.gen.go:64.16,66.3 1 0
github.com/vaishakdinesh/tiny-url-svc/types/api/rest/v0/server.gen.go:69.2,70.12 2 0
github.com/vaishakdinesh/tiny-url-svc/types/api/rest/v0/server.gen.go:89.62,91.2 1 0
github.com/vaishakdinesh/tiny-url-svc/types/api/rest/v0/server.gen.go:95.89,105.2 4 0
github.com/vaishakdinesh/tiny-url-svc/types/api/rest/v0/spec.gen.go:38.35,40.16 2 1
github.com/vaishakdinesh/tiny-url-svc/types/api/rest/v0/spec.gen.go:40.16,42.3 1 0
github.com/vaishakdinesh/tiny-url-svc/types/api/rest/v0/spec.gen.go:43.2,44.16 2 1
github.com/vaishakdinesh/tiny-url-svc/types/api/rest/v0/spec.gen.go:44.16,46.3 1 0
github.com/vaishakdinesh/tiny-url-svc/types/api/rest/v0/spec.gen.go:47.2,49.16 3 1
github.com/vaishakdinesh/tiny-url-svc/types/api/rest/v0/spec.gen.go:49.16,51.3 1 0
github.com/vaishakdinesh/tiny-url-svc/types/api/rest/v0/spec.gen.go:53.2,53.25 1 1
github.com/vaishakdinesh/tiny-url-svc/types/api/rest/v0/spec.gen.go:59.48,61.32 2 1
github.com/vaishakdinesh/tiny-url-svc/types/api/rest/v0/spec.gen.go:61.32,63.3 1 1
github.com/vaishakdinesh/tiny-url-svc/types/api/rest/v0/spec.gen.go:67.73,69.25 2 1
github.com/vaishakdinesh/tiny-url-svc/types/api/rest/v0/spec.gen.go:69.25,71.3 1 0
github.com/vaishakdinesh/tiny-url-svc/types/api/rest/v0/spec.gen.go:73.2,73.12 1 1
github.com/vaishakdinesh/tiny-url-svc/types/api/rest/v0/spec.gen.go:81.52,86.87 4 1
github.com/vaishakdinesh/tiny-url-svc/types/api/rest/v0/spec.gen.go:86.87,90.10 4 0
github.com/vaishakdinesh/tiny-url-svc/types/api/rest/v0/spec.gen.go:90.10,93.4 2 0
github.com/vaishakdinesh/tiny-url-svc/types/api/rest/v0/spec.gen.go:94.3,94.19 1 0
github.com/vaishakdinesh/tiny-url-svc/types/api/rest/v0/spec.gen.go:96.2,98.16 3 1
github.com/vaishakdinesh/tiny-url-svc/types/api/rest/v0/spec.gen.go:98.16,100.3 1 0
github.com/vaishakdinesh/tiny-url-svc/types/api/rest/v0/spec.gen.go:101.2,102.16 2 1
github.com/vaishakdinesh/tiny-url-svc/types/api/rest/v0/spec.gen.go:102.16,104.3 1 0
github.com/vaishakdinesh/tiny-url-svc/types/api/rest/v0/spec.gen.go:105.2,105.8 1 1
github.com/vaishakdinesh/tiny-url-svc/pkg/url/url.go:34.95,46.2 2 1
github.com/vaishakdinesh/tiny-url-svc/pkg/url/url.go:48.39,50.2 1 0
github.com/vaishakdinesh/tiny-url-svc/pkg/url/url.go:52.116,55.16 3 1
github.com/vaishakdinesh/tiny-url-svc/pkg/url/url.go:55.16,58.3 2 1
github.com/vaishakdinesh/tiny-url-svc/pkg/url/url.go:59.2,60.46 2 1
github.com/vaishakdinesh/tiny-url-svc/pkg/url/url.go:63.92,67.16 4 1
github.com/vaishakdinesh/tiny-url-svc/pkg/url/url.go:67.16,70.3 2 1
github.com/vaishakdinesh/tiny-url-svc/pkg/url/url.go:71.2,71.22 1 1
github.com/vaishakdinesh/tiny-url-svc/pkg/url/url.go:71.22,72.72 1 1
github.com/vaishakdinesh/tiny-url-svc/pkg/url/url.go:72.72,73.100 1 1
github.com/vaishakdinesh/tiny-url-svc/pkg/url/url.go:73.100,75.5 1 0
github.com/vaishakdinesh/tiny-url-svc/pkg/url/url.go:76.4,76.57 1 1
github.com/vaishakdinesh/tiny-url-svc/pkg/url/url.go:78.3,78.25 1 1
github.com/vaishakdinesh/tiny-url-svc/pkg/url/url.go:80.2,81.16 2 1
github.com/vaishakdinesh/tiny-url-svc/pkg/url/url.go:81.16,84.3 2 1
github.com/vaishakdinesh/tiny-url-svc/pkg/url/url.go:85.2,85.16 1 1
github.com/vaishakdinesh/tiny-url-svc/pkg/url/url.go:85.16,87.17 2 0
github.com/vaishakdinesh/tiny-url-svc/pkg/url/url.go:87.17,89.4 1 0
github.com/vaishakdinesh/tiny-url-svc/pkg/url/url.go:91.2,91.17 1 1
github.com/vaishakdinesh/tiny-url-svc/pkg/url/url.go:94.74,96.16 2 1
github.com/vaishakdinesh/tiny-url-svc/pkg/url/url.go:96.16,99.3 2 1
github.com/vaishakdinesh/tiny-url-svc/pkg/url/url.go:100.2,101.16 2 1
github.com/vaishakdinesh/tiny-url-svc/pkg/url/url.go:101.16,103.3 1 1
github.com/vaishakdinesh/tiny-url-svc/pkg/url/url.go:104.2,105.12 2 1
github.com/vaishakdinesh/tiny-url-svc/pkg/url/url.go:108.85,110.16 2 1
github.com/vaishakdinesh/tiny-url-svc/pkg/url/url.go:110.16,112.3 1 0
github.com/vaishakdinesh/tiny-url-svc/pkg/url/url.go:114.2,114.53 1 1
github.com/vaishakdinesh/tiny-url-svc/pkg/url/url.go:117.111,119.16 2 1
github.com/vaishakdinesh/tiny-url-svc/pkg/url/url.go:119.16,121.3 1 0
github.com/vaishakdinesh/tiny-url-svc/pkg/url/url.go:122.2,122.18 1 1
github.com/vaishakdinesh/tiny-url-svc/pkg/url/url.go:122.18,124.3 1 1
github.com/vaishakdinesh/tiny-url-svc/pkg/url/url.go:125.2,127.16 3 1
github.com/vaishakdinesh/tiny-url-svc/pkg/url/url.go:127.16,129.3 1 0
github.com/vaishakdinesh/tiny-url-svc/pkg/url/url.go:130.2,130.23 1 1
github.com/vaishakdinesh/tiny-url-svc/pkg/url/url.go:133.70,142.17 5 1
github.com/vaishakdinesh/tiny-url-svc/pkg/url/url.go:142.17,145.3 2 1
github.com/vaishakdinesh/tiny-url-svc/pkg/url/url.go:145.8,147.3 1 1
github.com/vaishakdinesh/tiny-url-svc/pkg/url/url.go:148.2,148.15 1 1
github.com/vaishakdinesh/tiny-url-svc/pkg/url/url.go:151.31,157.27 5 1
github.com/vaishakdinesh/tiny-url-svc/pkg/url/url.go:157.27,161.3 3 1
github.com/vaishakdinesh/tiny-url-svc/pkg/url/url.go:162.2,163.54 2 1
github.com/vaishakdinesh/tiny-url-svc/pkg/url/url.go:163.54,165.3 1 1
github.com/vaishakdinesh/tiny-url-svc/pkg/url/url.go:166.2,166.22 1 1
github.com/vaishakdinesh/tiny-url-svc/types/server.go:56.36,58.2 1 0
github.com/vaishakdinesh/tiny-url-svc/types/server.go:61.57,62.16 1 0
github.com/vaishakdinesh/tiny-url-svc/types/server.go:62.16,64.3 1 0
github.com/vaishakdinesh/tiny-url-svc/types/server.go:65.2,66.16 2 0
github.com/vaishakdinesh/tiny-url-svc/types/server.go:66.16,68.3 1 0
github.com/vaishakdinesh/tiny-url-svc/types/server.go:69.2,71.8 1 0
github.com/vaishakdinesh/tiny-url-svc/types/server.go:75.67,77.16 2 0
github.com/vaishakdinesh/tiny-url-svc/types/server.go:77.16,79.3 1 0
github.com/vaishakdinesh/tiny-url-svc/types/server.go:80.2,88.63 4 0
github.com/vaishakdinesh/tiny-url-svc/types/server.go:92.64,93.54 1 0
github.com/vaishakdinesh/tiny-url-svc/types/server.go:93.54,94.37 1 0
github.com/vaishakdinesh/tiny-url-svc/types/server.go:94.37,96.18 2 0
github.com/vaishakdinesh/tiny-url-svc/types/server.go:96.18,101.5 1 0
github.com/vaishakdinesh/tiny-url-svc/types/server.go:102.4,103.18 2 0
github.com/vaishakdinesh/tiny-url-svc/types/server.go:103.18,104.41 1 0
github.com/vaishakdinesh/tiny-url-svc/types/server.go:104.41,109.6 1 0
github.com/vaishakdinesh/tiny-url-svc/types/server.go:111.4,111.14 1 0
github.com/vaishakdinesh/tiny-url-svc/types/server.go:117.63,119.12 2 0
github.com/vaishakdinesh/tiny-url-svc/types/server.go:119.12,121.41 2 0
github.com/vaishakdinesh/tiny-url-svc/types/server.go:121.41,123.4 1 0
github.com/vaishakdinesh/tiny-url-svc/types/server.go:125.2,126.57 2 0
github.com/vaishakdinesh/tiny-url-svc/types/server.go:126.57,128.3 1 0
github.com/vaishakdinesh/tiny-url-svc/types/service.go:35.53,37.30 2 0
github.com/vaishakdinesh/tiny-url-svc/types/service.go:37.30,39.3 1 0
github.com/vaishakdinesh/tiny-url-svc/types/service.go:40.2,40.69 1 0
github.com/vaishakdinesh/tiny-url-svc/types/test.go:25.64,26.30 1 1
github.com/vaishakdinesh/tiny-url-svc/types/test.go:27.19,28.10 1 1
github.com/vaishakdinesh/tiny-url-svc/types/test.go:29.31,30.36 1 1
github.com/vaishakdinesh/tiny-url-svc/types/test.go:31.29,32.34 1 1
github.com/vaishakdinesh/tiny-url-svc/types/test.go:33.27,34.32 1 1
github.com/vaishakdinesh/tiny-url-svc/types/test.go:36.3,36.24 1 1
github.com/vaishakdinesh/tiny-url-svc/types/test.go:38.2,38.12 1 1
github.com/vaishakdinesh/tiny-url-svc/types/test.go:41.88,43.9 2 1
github.com/vaishakdinesh/tiny-url-svc/types/test.go:43.9,45.3 1 1
github.com/vaishakdinesh/tiny-url-svc/types/test.go:46.2,46.17 1 1
github.com/vaishakdinesh/tiny-url-svc/types/test.go:49.68,51.9 2 1
github.com/vaishakdinesh/tiny-url-svc/types/test.go:51.9,53.3 1 1
github.com/vaishakdinesh/tiny-url-svc/types/test.go:54.2,55.12 2 1
github.com/vaishakdinesh/tiny-url-svc/types/test.go:58.74,59.25 1 1
github.com/vaishakdinesh/tiny-url-svc/types/test.go:60.14,61.19 1 0
github.com/vaishakdinesh/tiny-url-svc/types/test.go:63.2,63.12 1 1
github.com/vaishakdinesh/tiny-url-svc/types/test.go:66.66,67.13 1 1
github.com/vaishakdinesh/tiny-url-svc/types/test.go:68.22,69.35 1 0
github.com/vaishakdinesh/tiny-url-svc/types/test.go:70.20,71.35 1 0
github.com/vaishakdinesh/tiny-url-svc/types/test.go:72.13,73.31 1 0
github.com/vaishakdinesh/tiny-url-svc/types/test.go:74.10,76.10 2 1
github.com/vaishakdinesh/tiny-url-svc/types/test.go:76.10,78.4 1 1
github.com/vaishakdinesh/tiny-url-svc/types/test.go:79.3,80.13 2 1
github.com/vaishakdinesh/tiny-url-svc/types/test.go:84.84,85.13 1 1
github.com/vaishakdinesh/tiny-url-svc/types/test.go:86.20,87.39 1 0
github.com/vaishakdinesh/tiny-url-svc/types/test.go:88.13,89.35 1 0
github.com/vaishakdinesh/tiny-url-svc/types/test.go:90.10,92.10 2 1
github.com/vaishakdinesh/tiny-url-svc/types/test.go:92.10,94.4 1 1
github.com/vaishakdinesh/tiny-url-svc/types/test.go:95.3,95.18 1 1
github.com/vaishakdinesh/tiny-url-svc/types/test.go:99.37,100.11 1 1
github.com/vaishakdinesh/tiny-url-svc/types/test.go:101.17,102.44 1 1
github.com/vaishakdinesh/tiny-url-svc/types/test.go:103.15,104.41 1 1
github.com/vaishakdinesh/tiny-url-svc/types/test.go:105.22,106.39 1 0
github.com/vaishakdinesh/tiny-url-svc/types/test.go:107.20,108.43 1 0
github.com/vaishakdinesh/tiny-url-svc/types/test.go:109.10,110.44 1 1
github.com/vaishakdinesh/tiny-url-svc/types/api/rest/v0/server.gen.go:33.70,39.2 3 0
github.com/vaishakdinesh/tiny-url-svc/types/api/rest/v0/server.gen.go:42.68,48.16 4 0
github.com/vaishakdinesh/tiny-url-svc/types/api/rest/v0/server.gen.go:48.16,50.3 1 0
github.com/vaishakdinesh/tiny-url-svc/types/api/rest/v0/server.gen.go:53.2,54.12 2 0
github.com/vaishakdinesh/tiny-url-svc/types/api/rest/v0/server.gen.go:58.65,64.16 4 0
github.com/vaishakdinesh/tiny-url-svc/types/api/rest/v0/server.gen.go:64.16,66.3 1 0
github.com/vaishakdinesh/tiny-url-svc/types/api/rest/v0/server.gen.go:69.2,70.12 2 0
github.com/vaishakdinesh/tiny-url-svc/types/api/rest/v0/server.gen.go:89.62,91.2 1 0
github.com/vaishakdinesh/tiny-url-svc/types/api/rest/v0/server.gen.go:95.89,105.2 4 0
github.com/vaishakdinesh/tiny-url-svc/types/api/rest/v0/spec.gen.go:38.35,40.16 2 1
github.com/vaishakdinesh/tiny-url-svc/types/api/rest/v0/spec.gen.go:40.16,42.3 1 0
github.com/vaishakdinesh/tiny-url-svc/types/api/rest/v0/spec.gen.go:43.2,44.16 2 1
github.com/vaishakdinesh/tiny-url-svc/types/api/rest/v0/spec.gen.go:44.16,46.3 1 0
github.com/vaishakdinesh/tiny-url-svc/types/api/rest/v0/spec.gen.go:47.2,49.16 3 1
github.com/vaishakdinesh/tiny-url-svc/types/api/rest/v0/spec.gen.go:49.16,51.3 1 0
github.com/vaishakdinesh/tiny-url-svc/types/api/rest/v0/spec.gen.go:53.2,53.25 1 1
github.com/vaishakdinesh/tiny-url-svc/types/api/rest/v0/spec.gen.go:59.48,61.32 2 1
github.com/vaishakdinesh/tiny-url-svc/types/api/rest/v0/spec.gen.go:61.32,63.3 1 0
github.com/vaishakdinesh/tiny-url-svc/types/api/rest/v0/spec.gen.go:67.73,69.25 2 0
github.com/vaishakdinesh/tiny-url-svc/types/api/rest/v0/spec.gen.go:69.25,71.3 1 0
github.com/vaishakdinesh/tiny-url-svc/types/api/rest/v0/spec.gen.go:73.2,73.12 1 0
github.com/vaishakdinesh/tiny-url-svc/types/api/rest/v0/spec.gen.go:81.52,86.87 4 0
github.com/vaishakdinesh/tiny-url-svc/types/api/rest/v0/spec.gen.go:86.87,90.10 4 0
github.com/vaishakdinesh/tiny-url-svc/types/api/rest/v0/spec.gen.go:90.10,93.4 2 0
github.com/vaishakdinesh/tiny-url-svc/types/api/rest/v0/spec.gen.go:94.3,94.19 1 0
github.com/vaishakdinesh/tiny-url-svc/types/api/rest/v0/spec.gen.go:96.2,98.16 3 0
github.com/vaishakdinesh/tiny-url-svc/types/api/rest/v0/spec.gen.go:98.16,100.3 1 0
github.com/vaishakdinesh/tiny-url-svc/types/api/rest/v0/spec.gen.go:101.2,102.16 2 0
github.com/vaishakdinesh/tiny-url-svc/types/api/rest/v0/spec.gen.go:102.16,104.3 1 0
github.com/vaishakdinesh/tiny-url-svc/types/api/rest/v0/spec.gen.go:105.2,105.8 1 0
